<?xml version="1.0" encoding="UTF-8"?>
<testng-results skipped="0" failed="0" total="1" passed="1">
  <reporter-output>
  </reporter-output>
  <suite name="Suite" duration-ms="9624" started-at="2020-07-16T13:08:05Z" finished-at="2020-07-16T13:08:15Z">
    <groups>
    </groups>
    <test name="Test" duration-ms="9624" started-at="2020-07-16T13:08:05Z" finished-at="2020-07-16T13:08:15Z">
      <class name="Test_Package.Login_Test">
        <test-method status="PASS" signature="Login()[pri:0, instance:Test_Package.Login_Test@63f259c3]" name="Login" duration-ms="9591" started-at="2020-07-16T18:38:05Z" finished-at="2020-07-16T18:38:15Z">
          <reporter-output>
          </reporter-output>
        </test-method> <!-- Login -->
      </class> <!-- Test_Package.Login_Test -->
    </test> <!-- Test -->
  </suite> <!-- Suite -->
</testng-results>
